  顺序表的基本操作.c
D:\study\Data-Structure\顺序表\顺序表的基本操作.c(23,6): error C2061: 语法错误: 标识符“InitList”
D:\study\Data-Structure\顺序表\顺序表的基本操作.c(23,6): error C2059: 语法错误:“;”
D:\study\Data-Structure\顺序表\顺序表的基本操作.c(23,22): error C2059: 语法错误:“<parameter-list>”
D:\study\Data-Structure\顺序表\顺序表的基本操作.c(37,6): error C2061: 语法错误: 标识符“ListIsert”
D:\study\Data-Structure\顺序表\顺序表的基本操作.c(37,6): error C2059: 语法错误:“;”
D:\study\Data-Structure\顺序表\顺序表的基本操作.c(37,23): error C2059: 语法错误:“<parameter-list>”
D:\study\Data-Structure\顺序表\顺序表的基本操作.c(70,2): error C2371: “SeqList”: 重定义；不同的基类型
D:\study\Data-Structure\顺序表\顺序表的基本操作.c(20): message : 参见“SeqList”的声明
D:\study\Data-Structure\顺序表\顺序表的基本操作.c(73,6): error C2061: 语法错误: 标识符“InitList”
D:\study\Data-Structure\顺序表\顺序表的基本操作.c(73,6): error C2059: 语法错误:“;”
D:\study\Data-Structure\顺序表\顺序表的基本操作.c(73,22): error C2059: 语法错误:“<parameter-list>”
  顺序表的定义 及 初始化.c
D:\study\Data-Structure\顺序表\顺序表的定义 及 初始化.c(30,6): error C2143: 语法错误: 缺少“:”(在“常数”的前面)
D:\study\Data-Structure\顺序表\顺序表的定义 及 初始化.c(30): error C2034: “<alignment member>”: 位域类型对位数太小
D:\study\Data-Structure\顺序表\顺序表的定义 及 初始化.c(38,6): error C2061: 语法错误: 标识符“InitList”
D:\study\Data-Structure\顺序表\顺序表的定义 及 初始化.c(38,6): error C2059: 语法错误:“;”
D:\study\Data-Structure\顺序表\顺序表的定义 及 初始化.c(38,23): error C2059: 语法错误:“<parameter-list>”
D:\study\Data-Structure\顺序表\顺序表的定义 及 初始化.c(52,13): warning C4133: “函数”: 从“SeqList *”到“SqList *”的类型不兼容
D:\study\Data-Structure\顺序表\顺序表的定义 及 初始化.c(54,6): warning C4013: “free”未定义；假设外部返回 int
  正在生成代码...
